#
# A fatal error has been detected by the Java Runtime Environment:
#
#  SIGSEGV (0xb) at pc=0x000000011e1b3561, pid=7465, tid=1811
#
# JRE version: Java(TM) SE Runtime Environment (8.0_40-b25) (build 1.8.0_40-b25)
# Java VM: Java HotSpot(TM) 64-Bit Server VM (25.40-b25 mixed mode bsd-amd64 compressed oops)
# Problematic frame:
# C  [libglass.dylib+0x15561]  GlassScreenDidChangeScreenParameters+0x21
#
# Failed to write core dump. Core dumps have been disabled. To enable core dumping, try "ulimit -c unlimited" before starting Java again
#
# If you would like to submit a bug report, please visit:
#   http://bugreport.java.com/bugreport/crash.jsp
#

---------------  T H R E A D  ---------------

Current thread is native thread

siginfo: si_signo: 11 (SIGSEGV), si_code: 1 (SEGV_MAPERR), si_addr: 0x0000000000000000

Registers:
RAX=0x000000011e1e5ac8, RBX=0x0000000000000000, RCX=0xd4000a2002c959a0, RDX=0x00007fff776d91f8
RSP=0x00007fff59d77fe0, RBP=0x00007fff59d77ff0, RSI=0x00007f8872e02fd0, RDI=0x0000000000000000
R8 =0x00007fff59d77e90, R9 =0x00007fff76513300, R10=0x0000000000000000, R11=0x0000000000000246
R12=0x00007f8872c17f00, R13=0x00000000000f426a, R14=0x00007f8872e204c0, R15=0x00007fff59d78130
RIP=0x000000011e1b3561, EFLAGS=0x0000000000010246, ERR=0x0000000000000004
  TRAPNO=0x000000000000000e

Top of Stack: (sp=0x00007fff59d77fe0)
0x00007fff59d77fe0:   00007fff59d781c0 00007f8872e204c0
0x00007fff59d77ff0:   00007fff59d78000 00007fff8d35445c
0x00007fff59d78000:   00007fff59d78360 00007fff8d244634
0x00007fff59d78010:   00007fff59d78060 0000000000000000
0x00007fff59d78020:   00007fff765f0ed0 00007f8872f118e0
0x00007fff59d78030:   0000000000001000 0000000000000270
0x00007fff59d78040:   00007f8872f118e0 00007f8872e204c0
0x00007fff59d78050:   0000000000000000 00007fff59d78130
0x00007fff59d78060:   0000000000000000 00007f8872e1d870
0x00007fff59d78070:   00007fff59d781b0 000000000000001a
0x00007fff59d78080:   00000000000f4288 00007f8872d82cf0
0x00007fff59d78090:   00007f8872d46b80 00007f8872c17f00
0x00007fff59d780a0:   0000000000000001 00000000000f426a
0x00007fff59d780b0:   00007f8872c17ef0 00007fff94b8db90
0x00007fff59d780c0:   0000000000000001 0000000000000004
0x00007fff59d780d0:   00007fff59d78110 00007fff94b8bdd2
0x00007fff59d780e0:   0000000105ea3a00 0000000000000002
0x00007fff59d780f0:   0000000105ea0000 00007f8872d31982
0x00007fff59d78100:   0000000000000004 0000000000000001
0x00007fff59d78110:   0000310372c6cd10 00007f8872c17f24
0x00007fff59d78120:   0000000000000000 00007fff8d23a10f
0x00007fff59d78130:   00007f8872e204c0 00007fff765eefb0
0x00007fff59d78140:   0000000105ea3a00 00007fff8d242c3f
0x00007fff59d78150:   00007fff59d781b0 00007fff76bdeb90
0x00007fff59d78160:   0000000105ea3a00 0000000000000002
0x00007fff59d78170:   0000000105ea0000 00007f8872d31982
0x00007fff59d78180:   0000000000000003 0000000105ea3a00
0x00007fff59d78190:   00007fff59d78280 00007fff94b8ab36
0x00007fff59d781a0:   0000000072c6d650 0000000105ea0000
0x00007fff59d781b0:   0000000000000017 0000000000000000
0x00007fff59d781c0:   00000000000f426a 00007fff8d23ffff
0x00007fff59d781d0:   00007fff00000000 0000000000000000 

Instructions: (pc=0x000000011e1b3561)
0x000000011e1b3541:   48 89 e5 41 56 53 48 8d 05 72 26 03 00 48 83 38
0x000000011e1b3551:   00 48 89 fb 75 72 48 8d 05 6a 25 03 00 48 8b 30
0x000000011e1b3561:   48 8b 03 48 8d 15 74 9a 01 00 48 8d 0d 2e 70 01
0x000000011e1b3571:   00 48 89 df ff 90 88 03 00 00 48 8d 0d 3e 26 03 

Register to memory mapping:

RAX=0x000000011e1e5ac8: jScreenClass+0 in /Library/Java/JavaVirtualMachines/jdk1.8.0_40.jdk/Contents/Home/jre/lib/libglass.dylib at 0x000000011e19e000
RBX=0x0000000000000000 is an unknown value
RCX=0xd4000a2002c959a0 is an unknown value
RDX=0x00007fff776d91f8: __sFX+0x1c8 in /usr/lib/system/libsystem_c.dylib at 0x00007fff9341a000
RSP=0x00007fff59d77fe0 is an unknown value
RBP=0x00007fff59d77ff0 is an unknown value
RSI=0x00007f8872e02fd0 is a global jni handle
RDI=0x0000000000000000 is an unknown value
R8 =0x00007fff59d77e90 is an unknown value
R9 =0x00007fff76513300: _thread+0 in /usr/lib/system/libsystem_pthread.dylib at 0x00007fff8ce31000
R10=0x0000000000000000 is an unknown value
R11=0x0000000000000246 is an unknown value
R12=0x00007f8872c17f00 is an unknown value
R13=0x00000000000f426a is an unknown value
R14=0x00007f8872e204c0 is an unknown value
R15=0x00007fff59d78130 is an unknown value


Stack: [0x00007fff5957b000,0x00007fff59d7b000],  sp=0x00007fff59d77fe0,  free space=8179k
Native frames: (J=compiled Java code, j=interpreted, Vv=VM code, C=native code)
C  [libglass.dylib+0x15561]  GlassScreenDidChangeScreenParameters+0x21
C  [CoreFoundation+0x12045c]  __CFNOTIFICATIONCENTER_IS_CALLING_OUT_TO_AN_OBSERVER__+0xc
C  [CoreFoundation+0x10634]  _CFXNotificationPost+0xc44
C  [Foundation+0x7aa1]  -[NSNotificationCenter postNotificationName:object:userInfo:]+0x42
C  [AppKit+0x40de7e]  -[NSApplication _reactToScreenInvalidationImmediately:]+0x17b
C  [AppKit+0x40dcc7]  __44-[NSApplication _reactToScreenInvalidation:]_block_invoke+0x4b
C  [CoreFoundation+0x808ec]  __CFRUNLOOP_IS_CALLING_OUT_TO_A_BLOCK__+0xc
C  [CoreFoundation+0x729f5]  __CFRunLoopDoBlocks+0x155
C  [CoreFoundation+0x72536]  __CFRunLoopRun+0x716
C  [CoreFoundation+0x71bd8]  CFRunLoopRunSpecific+0x128
C  [java+0x6490]  CreateExecutionEnvironment+0x367
C  [java+0x221c]  JLI_Launch+0x7a0
C  [java+0x84ed]  main+0x65
C  [java+0x1a74]  start+0x34


---------------  P R O C E S S  ---------------

VM state:at safepoint (normal execution)

VM Mutex/Monitor currently owned by a thread:  ([mutex/lock_event])
[0x00007f8872c03ac0] Threads_lock - owner thread: 0x00007f887481f800

Heap:
 PSYoungGen      total 18944K, used 11687K [0x00000007aab00000, 0x00000007ac000000, 0x00000007c0000000)
  eden space 16384K, 71% used [0x00000007aab00000,0x00000007ab669de0,0x00000007abb00000)
  from space 2560K, 0% used [0x00000007abd80000,0x00000007abd80000,0x00000007ac000000)
  to   space 2560K, 0% used [0x00000007abb00000,0x00000007abb00000,0x00000007abd80000)
 ParOldGen       total 44032K, used 0K [0x0000000780000000, 0x0000000782b00000, 0x00000007aab00000)
  object space 44032K, 0% used [0x0000000780000000,0x0000000780000000,0x0000000782b00000)
 Metaspace       used 7402K, capacity 7668K, committed 7936K, reserved 1056768K
  class space    used 882K, capacity 997K, committed 1024K, reserved 1048576K

Card table byte_map: [0x0000000116c2c000,0x0000000116e2d000] byte_map_base: 0x000000011302c000

Marking Bits: (ParMarkBitMap*) 0x00000001070c27a0
 Begin Bits: [0x000000011738f000, 0x000000011838f000)
 End Bits:   [0x000000011838f000, 0x000000011938f000)

Polling page: 0x0000000105fde000

CodeCache: size=245760Kb used=2210Kb max_used=2222Kb free=243549Kb
 bounds [0x000000010786c000, 0x0000000107adc000, 0x000000011686c000]
 total_blobs=909 nmethods=522 adapters=301
 compilation: enabled

Compilation events (10 events):
Event: 0.877 Thread 0x00007f8873040800  518       3       java.lang.String::lastIndexOf (151 bytes)
Event: 0.878 Thread 0x00007f8873040800 nmethod 518 0x0000000107a921d0 code [0x0000000107a92380, 0x0000000107a928d0]
Event: 0.878 Thread 0x00007f8873040800  519       3       sun.util.locale.LocaleUtils::isUpper (18 bytes)
Event: 0.878 Thread 0x00007f8873040800 nmethod 519 0x0000000107a91e10 code [0x0000000107a91f80, 0x0000000107a92150]
Event: 0.898 Thread 0x00007f8873040800  522       3       java.util.StringTokenizer::skipDelimiters (116 bytes)
Event: 0.898 Thread 0x00007f887303b800  520  s    4       java.io.BufferedInputStream::read (49 bytes)
Event: 0.900 Thread 0x00007f8873040800 nmethod 522 0x0000000107a93c10 code [0x0000000107a93e20, 0x0000000107a949b8]
Event: 0.900 Thread 0x00007f8873040800  521       3       java.io.DataInputStream::readInt (72 bytes)
Event: 0.902 Thread 0x00007f8873040800 nmethod 521 0x0000000107a90c50 code [0x0000000107a90e00, 0x0000000107a91368]
Event: 0.904 Thread 0x00007f887303b800 nmethod 520 0x0000000107a97e50 code [0x0000000107a97fa0, 0x0000000107a983c8]

GC Heap History (0 events):
No events

Deoptimization events (1 events):
Event: 0.856 Thread 0x00007f8873174800 Uncommon trap: reason=unstable_if action=reinterpret pc=0x0000000107a320c4 method=java.lang.String.replace(CC)Ljava/lang/String; @ 26

Internal exceptions (10 events):
Event: 0.200 Thread 0x00007f887300b800 Exception <a 'java/security/PrivilegedActionException'> (0x00000007aac8c7b8) thrown at [/Users/java_re/workspace/8-2-build-macosx-x86_64/jdk8u40/2855/hotspot/src/share/vm/prims/jvm.cpp, line 1382]
Event: 0.200 Thread 0x00007f887300b800 Exception <a 'java/security/PrivilegedActionException'> (0x00000007aac8c970) thrown at [/Users/java_re/workspace/8-2-build-macosx-x86_64/jdk8u40/2855/hotspot/src/share/vm/prims/jvm.cpp, line 1382]
Event: 0.316 Thread 0x00007f887300b800 Exception <a 'java/lang/NoSuchFieldError': method resolution failed> (0x00000007aade76a0) thrown at [/Users/java_re/workspace/8-2-build-macosx-x86_64/jdk8u40/2855/hotspot/src/share/vm/prims/methodHandles.cpp, line 1125]
Event: 0.340 Thread 0x00007f887300b800 Exception <a 'java/lang/NoSuchFieldError': method resolution failed> (0x00000007aadf5d70) thrown at [/Users/java_re/workspace/8-2-build-macosx-x86_64/jdk8u40/2855/hotspot/src/share/vm/prims/methodHandles.cpp, line 1125]
Event: 0.367 Thread 0x00007f887300b800 Exception <a 'java/security/PrivilegedActionException'> (0x00000007aae822f8) thrown at [/Users/java_re/workspace/8-2-build-macosx-x86_64/jdk8u40/2855/hotspot/src/share/vm/prims/jvm.cpp, line 1382]
Event: 0.367 Thread 0x00007f887300b800 Exception <a 'java/security/PrivilegedActionException'> (0x00000007aae824b0) thrown at [/Users/java_re/workspace/8-2-build-macosx-x86_64/jdk8u40/2855/hotspot/src/share/vm/prims/jvm.cpp, line 1382]
Event: 0.367 Thread 0x00007f887300b800 Exception <a 'java/security/PrivilegedActionException'> (0x00000007aae856a0) thrown at [/Users/java_re/workspace/8-2-build-macosx-x86_64/jdk8u40/2855/hotspot/src/share/vm/prims/jvm.cpp, line 1382]
Event: 0.367 Thread 0x00007f887300b800 Exception <a 'java/security/PrivilegedActionException'> (0x00000007aae85858) thrown at [/Users/java_re/workspace/8-2-build-macosx-x86_64/jdk8u40/2855/hotspot/src/share/vm/prims/jvm.cpp, line 1382]
Event: 0.367 Thread 0x00007f887300b800 Exception <a 'java/lang/NullPointerException'> (0x00000007aae871d8) thrown at [/Users/java_re/workspace/8-2-build-macosx-x86_64/jdk8u40/2855/hotspot/src/share/vm/interpreter/linkResolver.cpp, line 1178]
Event: 0.866 Thread 0x00007f887300b800 Exception <a 'java/lang/reflect/InvocationTargetException'> (0x00000007ab47c3f0) thrown at [/Users/java_re/workspace/8-2-build-macosx-x86_64/jdk8u40/2855/hotspot/src/share/vm/runtime/reflection.cpp, line 1080]

Events (10 events):
Event: 0.903 loading class java/util/Formatter$Conversion
Event: 0.903 loading class java/util/Formatter$Conversion done
Event: 0.903 loading class java/util/Formattable
Event: 0.903 loading class java/util/Formattable done
Event: 0.903 loading class java/util/IdentityHashMap$KeyIterator
Event: 0.903 loading class java/util/IdentityHashMap$IdentityHashMapIterator
Event: 0.903 loading class java/util/IdentityHashMap$IdentityHashMapIterator done
Event: 0.903 loading class java/util/IdentityHashMap$KeyIterator done
Event: 0.905 Thread 0x00007f887303b000 Thread exited: 0x00007f887303b000
Event: 0.905 Executing VM operation: Exit


Dynamic libraries:
0x0000000005471000 	/System/Library/Frameworks/Cocoa.framework/Versions/A/Cocoa
0x0000000005471000 	/System/Library/Frameworks/Security.framework/Versions/A/Security
0x0000000005471000 	/System/Library/Frameworks/ApplicationServices.framework/Versions/A/ApplicationServices
0x0000000005471000 	/usr/lib/libz.1.dylib
0x0000000005471000 	/usr/lib/libSystem.B.dylib
0x0000000005471000 	/usr/lib/libobjc.A.dylib
0x0000000005471000 	/System/Library/Frameworks/CoreFoundation.framework/Versions/A/CoreFoundation
0x0000000005471000 	/System/Library/Frameworks/Foundation.framework/Versions/C/Foundation
0x0000000005471000 	/System/Library/Frameworks/AppKit.framework/Versions/C/AppKit
0x0000000005471000 	/System/Library/Frameworks/CoreData.framework/Versions/A/CoreData
0x0000000005471000 	/System/Library/PrivateFrameworks/RemoteViewServices.framework/Versions/A/RemoteViewServices
0x0000000005471000 	/System/Library/PrivateFrameworks/UIFoundation.framework/Versions/A/UIFoundation
0x0000000005471000 	/System/Library/Frameworks/IOSurface.framework/Versions/A/IOSurface
0x0000000005471000 	/System/Library/Frameworks/AudioToolbox.framework/Versions/A/AudioToolbox
0x0000000005471000 	/System/Library/Frameworks/AudioUnit.framework/Versions/A/AudioUnit
0x0000000005471000 	/System/Library/PrivateFrameworks/DataDetectorsCore.framework/Versions/A/DataDetectorsCore
0x0000000005471000 	/System/Library/PrivateFrameworks/DesktopServicesPriv.framework/Versions/A/DesktopServicesPriv
0x0000000005471000 	/System/Library/Frameworks/Carbon.framework/Versions/A/Frameworks/HIToolbox.framework/Versions/A/HIToolbox
0x0000000005471000 	/System/Library/Frameworks/QuartzCore.framework/Versions/A/QuartzCore
0x0000000005471000 	/System/Library/Frameworks/Carbon.framework/Versions/A/Frameworks/SpeechRecognition.framework/Versions/A/SpeechRecognition
0x0000000005471000 	/usr/lib/libauto.dylib
0x0000000005471000 	/usr/lib/libicucore.A.dylib
0x0000000005471000 	/usr/lib/libxml2.2.dylib
0x0000000005471000 	/System/Library/PrivateFrameworks/CoreUI.framework/Versions/A/CoreUI
0x0000000005471000 	/System/Library/Frameworks/CoreAudio.framework/Versions/A/CoreAudio
0x0000000005471000 	/System/Library/Frameworks/DiskArbitration.framework/Versions/A/DiskArbitration
0x0000000005471000 	/usr/lib/liblangid.dylib
0x0000000005471000 	/System/Library/PrivateFrameworks/MultitouchSupport.framework/Versions/A/MultitouchSupport
0x0000000005471000 	/System/Library/Frameworks/IOKit.framework/Versions/A/IOKit
0x0000000005471000 	/usr/lib/libDiagnosticMessagesClient.dylib
0x0000000005471000 	/System/Library/Frameworks/CoreServices.framework/Versions/A/CoreServices
0x0000000005471000 	/System/Library/PrivateFrameworks/PerformanceAnalysis.framework/Versions/A/PerformanceAnalysis
0x0000000005471000 	/System/Library/PrivateFrameworks/GenerationalStorage.framework/Versions/A/GenerationalStorage
0x0000000005471000 	/System/Library/Frameworks/OpenGL.framework/Versions/A/OpenGL
0x0000000005471000 	/System/Library/PrivateFrameworks/Sharing.framework/Versions/A/Sharing
0x0000000005471000 	/System/Library/Frameworks/CoreGraphics.framework/Versions/A/CoreGraphics
0x0000000005471000 	/System/Library/Frameworks/CoreText.framework/Versions/A/CoreText
0x0000000005471000 	/System/Library/Frameworks/ImageIO.framework/Versions/A/ImageIO
0x0000000005471000 	/usr/lib/libextension.dylib
0x0000000005471000 	/System/Library/PrivateFrameworks/Backup.framework/Versions/A/Backup
0x0000000005471000 	/usr/lib/libarchive.2.dylib
0x0000000005471000 	/System/Library/Frameworks/CFNetwork.framework/Versions/A/CFNetwork
0x0000000005471000 	/System/Library/Frameworks/SystemConfiguration.framework/Versions/A/SystemConfiguration
0x0000000005471000 	/usr/lib/libCRFSuite.dylib
0x0000000005471000 	/usr/lib/libc++.1.dylib
0x0000000005471000 	/usr/lib/libc++abi.dylib
0x0000000005471000 	/usr/lib/system/libcache.dylib
0x0000000005471000 	/usr/lib/system/libcommonCrypto.dylib
0x0000000005471000 	/usr/lib/system/libcompiler_rt.dylib
0x0000000005471000 	/usr/lib/system/libcopyfile.dylib
0x0000000005471000 	/usr/lib/system/libcorecrypto.dylib
0x0000000005471000 	/usr/lib/system/libdispatch.dylib
0x0000000005471000 	/usr/lib/system/libdyld.dylib
0x0000000005471000 	/usr/lib/system/libkeymgr.dylib
0x0000000005471000 	/usr/lib/system/liblaunch.dylib
0x0000000005471000 	/usr/lib/system/libmacho.dylib
0x0000000005471000 	/usr/lib/system/libquarantine.dylib
0x0000000005471000 	/usr/lib/system/libremovefile.dylib
0x0000000005471000 	/usr/lib/system/libsystem_asl.dylib
0x0000000005471000 	/usr/lib/system/libsystem_blocks.dylib
0x0000000005471000 	/usr/lib/system/libsystem_c.dylib
0x0000000005471000 	/usr/lib/system/libsystem_configuration.dylib
0x0000000005471000 	/usr/lib/system/libsystem_coreservices.dylib
0x0000000005471000 	/usr/lib/system/libsystem_coretls.dylib
0x0000000005471000 	/usr/lib/system/libsystem_dnssd.dylib
0x0000000005471000 	/usr/lib/system/libsystem_info.dylib
0x0000000005471000 	/usr/lib/system/libsystem_kernel.dylib
0x0000000005471000 	/usr/lib/system/libsystem_m.dylib
0x0000000005471000 	/usr/lib/system/libsystem_malloc.dylib
0x0000000005471000 	/usr/lib/system/libsystem_network.dylib
0x0000000005471000 	/usr/lib/system/libsystem_networkextension.dylib
0x0000000005471000 	/usr/lib/system/libsystem_notify.dylib
0x0000000005471000 	/usr/lib/system/libsystem_platform.dylib
0x0000000005471000 	/usr/lib/system/libsystem_pthread.dylib
0x0000000005471000 	/usr/lib/system/libsystem_sandbox.dylib
0x0000000005471000 	/usr/lib/system/libsystem_secinit.dylib
0x0000000005471000 	/usr/lib/system/libsystem_stats.dylib
0x0000000005471000 	/usr/lib/system/libsystem_trace.dylib
0x0000000005471000 	/usr/lib/system/libunc.dylib
0x0000000005471000 	/usr/lib/system/libunwind.dylib
0x0000000005471000 	/usr/lib/system/libxpc.dylib
0x0000000005471000 	/usr/lib/libbz2.1.0.dylib
0x0000000005471000 	/usr/lib/liblzma.5.dylib
0x0000000005471000 	/usr/lib/libbsm.0.dylib
0x0000000005471000 	/usr/lib/libsqlite3.dylib
0x0000000005471000 	/usr/lib/system/libkxld.dylib
0x0000000005471000 	/usr/lib/libxar.1.dylib
0x0000000005471000 	/usr/lib/libpam.2.dylib
0x0000000005471000 	/usr/lib/libOpenScriptingUtil.dylib
0x0000000005471000 	/System/Library/Frameworks/CoreServices.framework/Versions/A/Frameworks/FSEvents.framework/Versions/A/FSEvents
0x0000000005471000 	/System/Library/Frameworks/CoreServices.framework/Versions/A/Frameworks/CarbonCore.framework/Versions/A/CarbonCore
0x0000000005471000 	/System/Library/Frameworks/CoreServices.framework/Versions/A/Frameworks/Metadata.framework/Versions/A/Metadata
0x0000000005471000 	/System/Library/Frameworks/CoreServices.framework/Versions/A/Frameworks/OSServices.framework/Versions/A/OSServices
0x0000000005471000 	/System/Library/Frameworks/CoreServices.framework/Versions/A/Frameworks/SearchKit.framework/Versions/A/SearchKit
0x0000000005471000 	/System/Library/Frameworks/CoreServices.framework/Versions/A/Frameworks/AE.framework/Versions/A/AE
0x0000000005471000 	/System/Library/Frameworks/CoreServices.framework/Versions/A/Frameworks/LaunchServices.framework/Versions/A/LaunchServices
0x0000000005471000 	/System/Library/Frameworks/CoreServices.framework/Versions/A/Frameworks/DictionaryServices.framework/Versions/A/DictionaryServices
0x0000000005471000 	/System/Library/Frameworks/NetFS.framework/Versions/A/NetFS
0x0000000005471000 	/System/Library/PrivateFrameworks/NetAuth.framework/Versions/A/NetAuth
0x0000000005471000 	/System/Library/PrivateFrameworks/login.framework/Versions/A/Frameworks/loginsupport.framework/Versions/A/loginsupport
0x0000000005471000 	/System/Library/PrivateFrameworks/TCC.framework/Versions/A/TCC
0x0000000005471000 	/usr/lib/libmecabra.dylib
0x0000000005471000 	/System/Library/Frameworks/ApplicationServices.framework/Versions/A/Frameworks/ATS.framework/Versions/A/ATS
0x0000000005471000 	/System/Library/Frameworks/ApplicationServices.framework/Versions/A/Frameworks/ColorSync.framework/Versions/A/ColorSync
0x0000000005471000 	/System/Library/Frameworks/ApplicationServices.framework/Versions/A/Frameworks/HIServices.framework/Versions/A/HIServices
0x0000000005471000 	/System/Library/Frameworks/ApplicationServices.framework/Versions/A/Frameworks/LangAnalysis.framework/Versions/A/LangAnalysis
0x0000000005471000 	/System/Library/Frameworks/ApplicationServices.framework/Versions/A/Frameworks/PrintCore.framework/Versions/A/PrintCore
0x0000000005471000 	/System/Library/Frameworks/ApplicationServices.framework/Versions/A/Frameworks/QD.framework/Versions/A/QD
0x0000000005471000 	/System/Library/Frameworks/ApplicationServices.framework/Versions/A/Frameworks/SpeechSynthesis.framework/Versions/A/SpeechSynthesis
0x0000000005471000 	/System/Library/Frameworks/Accelerate.framework/Versions/A/Accelerate
0x0000000005471000 	/System/Library/Frameworks/Accelerate.framework/Versions/A/Frameworks/vImage.framework/Versions/A/vImage
0x0000000005471000 	/System/Library/Frameworks/Accelerate.framework/Versions/A/Frameworks/vecLib.framework/Versions/A/vecLib
0x0000000005471000 	/System/Library/Frameworks/Accelerate.framework/Versions/A/Frameworks/vecLib.framework/Versions/A/libvDSP.dylib
0x0000000005471000 	/System/Library/Frameworks/Accelerate.framework/Versions/A/Frameworks/vecLib.framework/Versions/A/libvMisc.dylib
0x0000000005471000 	/System/Library/Frameworks/Accelerate.framework/Versions/A/Frameworks/vecLib.framework/Versions/A/libLAPACK.dylib
0x0000000005471000 	/System/Library/Frameworks/Accelerate.framework/Versions/A/Frameworks/vecLib.framework/Versions/A/libBLAS.dylib
0x0000000005471000 	/System/Library/Frameworks/Accelerate.framework/Versions/A/Frameworks/vecLib.framework/Versions/A/libLinearAlgebra.dylib
0x0000000005471000 	/System/Library/Frameworks/ApplicationServices.framework/Versions/A/Frameworks/ATS.framework/Versions/A/Resources/libFontParser.dylib
0x0000000005471000 	/System/Library/Frameworks/ApplicationServices.framework/Versions/A/Frameworks/ATS.framework/Versions/A/Resources/libFontRegistry.dylib
0x0000000005471000 	/System/Library/PrivateFrameworks/AppleVPA.framework/Versions/A/AppleVPA
0x0000000005471000 	/System/Library/PrivateFrameworks/AppleJPEG.framework/Versions/A/AppleJPEG
0x0000000005471000 	/System/Library/Frameworks/ImageIO.framework/Versions/A/Resources/libJPEG.dylib
0x0000000005471000 	/System/Library/Frameworks/ImageIO.framework/Versions/A/Resources/libTIFF.dylib
0x0000000005471000 	/System/Library/Frameworks/ImageIO.framework/Versions/A/Resources/libPng.dylib
0x0000000005471000 	/System/Library/Frameworks/ImageIO.framework/Versions/A/Resources/libGIF.dylib
0x0000000005471000 	/System/Library/Frameworks/ImageIO.framework/Versions/A/Resources/libJP2.dylib
0x0000000005471000 	/System/Library/Frameworks/ImageIO.framework/Versions/A/Resources/libRadiance.dylib
0x0000000005471000 	/System/Library/Frameworks/CoreVideo.framework/Versions/A/CoreVideo
0x0000000005471000 	/System/Library/Frameworks/OpenGL.framework/Versions/A/Libraries/libGLU.dylib
0x0000000005471000 	/System/Library/Frameworks/OpenGL.framework/Versions/A/Libraries/libGFXShared.dylib
0x0000000005471000 	/System/Library/Frameworks/OpenGL.framework/Versions/A/Libraries/libGL.dylib
0x0000000005471000 	/System/Library/Frameworks/OpenGL.framework/Versions/A/Libraries/libGLImage.dylib
0x0000000005471000 	/System/Library/Frameworks/OpenGL.framework/Versions/A/Libraries/libCVMSPluginSupport.dylib
0x0000000005471000 	/System/Library/Frameworks/OpenGL.framework/Versions/A/Libraries/libCoreVMClient.dylib
0x0000000005471000 	/usr/lib/libcups.2.dylib
0x0000000005471000 	/System/Library/Frameworks/Kerberos.framework/Versions/A/Kerberos
0x0000000005471000 	/System/Library/Frameworks/GSS.framework/Versions/A/GSS
0x0000000005471000 	/usr/lib/libresolv.9.dylib
0x0000000005471000 	/usr/lib/libiconv.2.dylib
0x0000000005471000 	/System/Library/PrivateFrameworks/Heimdal.framework/Versions/A/Heimdal
0x0000000005471000 	/usr/lib/libheimdal-asn1.dylib
0x0000000005471000 	/System/Library/Frameworks/OpenDirectory.framework/Versions/A/OpenDirectory
0x0000000005471000 	/System/Library/PrivateFrameworks/CommonAuth.framework/Versions/A/CommonAuth
0x0000000005471000 	/System/Library/Frameworks/OpenDirectory.framework/Versions/A/Frameworks/CFOpenDirectory.framework/Versions/A/CFOpenDirectory
0x0000000005471000 	/System/Library/Frameworks/SecurityFoundation.framework/Versions/A/SecurityFoundation
0x0000000005471000 	/System/Library/PrivateFrameworks/LanguageModeling.framework/Versions/A/LanguageModeling
0x0000000005471000 	/usr/lib/libcmph.dylib
0x0000000005471000 	/System/Library/Frameworks/ServiceManagement.framework/Versions/A/ServiceManagement
0x0000000005471000 	/usr/lib/libxslt.1.dylib
0x0000000005471000 	/System/Library/Frameworks/Carbon.framework/Versions/A/Frameworks/Ink.framework/Versions/A/Ink
0x0000000005471000 	/System/Library/Frameworks/QuartzCore.framework/Versions/A/Frameworks/CoreImage.framework/Versions/A/CoreImage
0x0000000005471000 	/System/Library/PrivateFrameworks/CrashReporterSupport.framework/Versions/A/CrashReporterSupport
0x0000000005471000 	/System/Library/Frameworks/OpenCL.framework/Versions/A/OpenCL
0x0000000005471000 	/System/Library/PrivateFrameworks/FaceCore.framework/Versions/A/FaceCore
0x0000000005471000 	/System/Library/PrivateFrameworks/Ubiquity.framework/Versions/A/Ubiquity
0x0000000005471000 	/System/Library/PrivateFrameworks/IconServices.framework/Versions/A/IconServices
0x0000000005471000 	/System/Library/PrivateFrameworks/ChunkingLibrary.framework/Versions/A/ChunkingLibrary
0x0000000005471000 	/System/Library/PrivateFrameworks/Apple80211.framework/Versions/A/Apple80211
0x0000000005471000 	/System/Library/Frameworks/CoreWLAN.framework/Versions/A/CoreWLAN
0x0000000005471000 	/System/Library/Frameworks/IOBluetooth.framework/Versions/A/IOBluetooth
0x0000000005471000 	/System/Library/PrivateFrameworks/CoreWiFi.framework/Versions/A/CoreWiFi
0x0000000005471000 	/System/Library/Frameworks/CoreBluetooth.framework/Versions/A/CoreBluetooth
0x0000000005471000 	/System/Library/PrivateFrameworks/DebugSymbols.framework/Versions/A/DebugSymbols
0x0000000005471000 	/System/Library/PrivateFrameworks/CoreSymbolication.framework/Versions/A/CoreSymbolication
0x0000000005471000 	/System/Library/PrivateFrameworks/Symbolication.framework/Versions/A/Symbolication
0x0000000005471000 	/System/Library/PrivateFrameworks/SpeechRecognitionCore.framework/Versions/A/SpeechRecognitionCore
0x0000000106800000 	/Library/Java/JavaVirtualMachines/jdk1.8.0_40.jdk/Contents/Home/jre/lib/server/libjvm.dylib
0x0000000005471000 	/usr/lib/libstdc++.6.dylib
0x0000000105f9b000 	/Library/Java/JavaVirtualMachines/jdk1.8.0_40.jdk/Contents/Home/jre/lib/libverify.dylib
0x0000000105fa9000 	/Library/Java/JavaVirtualMachines/jdk1.8.0_40.jdk/Contents/Home/jre/lib/libjava.dylib
0x0000000105fe8000 	/Library/Java/JavaVirtualMachines/jdk1.8.0_40.jdk/Contents/Home/jre/lib/libzip.dylib
0x000000011b37a000 	/System/Library/Frameworks/JavaVM.framework/Frameworks/JavaRuntimeSupport.framework/JavaRuntimeSupport
0x000000011b392000 	/System/Library/Frameworks/JavaVM.framework/Versions/A/Frameworks/JavaNativeFoundation.framework/Versions/A/JavaNativeFoundation
0x0000000105ff2000 	/System/Library/Frameworks/JavaVM.framework/Versions/A/JavaVM
0x0000000005471000 	/System/Library/Frameworks/Carbon.framework/Versions/A/Carbon
0x000000011b3a7000 	/System/Library/PrivateFrameworks/JavaLaunching.framework/Versions/A/JavaLaunching
0x0000000005471000 	/System/Library/Frameworks/Carbon.framework/Versions/A/Frameworks/CommonPanels.framework/Versions/A/CommonPanels
0x0000000005471000 	/System/Library/Frameworks/Carbon.framework/Versions/A/Frameworks/Help.framework/Versions/A/Help
0x0000000005471000 	/System/Library/Frameworks/Carbon.framework/Versions/A/Frameworks/ImageCapture.framework/Versions/A/ImageCapture
0x0000000005471000 	/System/Library/Frameworks/Carbon.framework/Versions/A/Frameworks/OpenScripting.framework/Versions/A/OpenScripting
0x0000000005471000 	/System/Library/Frameworks/Carbon.framework/Versions/A/Frameworks/Print.framework/Versions/A/Print
0x0000000005471000 	/System/Library/Frameworks/Carbon.framework/Versions/A/Frameworks/SecurityHI.framework/Versions/A/SecurityHI
0x000000011d605000 	/Library/Java/JavaVirtualMachines/jdk1.8.0_40.jdk/Contents/Home/jre/lib/libprism_es2.dylib
0x0000000005471000 	/System/Library/Frameworks/OpenGL.framework/Versions/A/Resources/GLEngine.bundle/GLEngine
0x0000000005471000 	/System/Library/Frameworks/OpenGL.framework/Versions/A/Libraries/libGLProgrammability.dylib
0x000000011d687000 	/System/Library/Extensions/AppleIntelHD5000GraphicsGLDriver.bundle/Contents/MacOS/AppleIntelHD5000GraphicsGLDriver
0x0000000005471000 	/System/Library/PrivateFrameworks/IOAccelerator.framework/Versions/A/IOAccelerator
0x0000000005471000 	/System/Library/PrivateFrameworks/GPUSupport.framework/Versions/A/Libraries/libGPUSupportMercury.dylib
0x0000000005471000 	/System/Library/Frameworks/OpenGL.framework/Versions/A/Resources/GLRendererFloat.bundle/GLRendererFloat
0x0000000005471000 	/System/Library/Frameworks/OpenCL.framework/Versions/A/Libraries/libcldcpuengine.dylib
0x0000000005471000 	/System/Library/PrivateFrameworks/DiskImages.framework/Versions/A/DiskImages
0x0000000005471000 	/System/Library/Frameworks/DiscRecording.framework/Versions/A/DiscRecording
0x0000000005471000 	/usr/lib/libcsfde.dylib
0x0000000005471000 	/usr/lib/libcurl.4.dylib
0x0000000005471000 	/System/Library/PrivateFrameworks/MediaKit.framework/Versions/A/MediaKit
0x0000000005471000 	/System/Library/PrivateFrameworks/ProtectedCloudStorage.framework/Versions/A/ProtectedCloudStorage
0x0000000005471000 	/usr/lib/libCoreStorage.dylib
0x0000000005471000 	/System/Library/PrivateFrameworks/EFILogin.framework/Versions/A/EFILogin
0x0000000005471000 	/usr/lib/libutil.dylib
0x0000000005471000 	/System/Library/PrivateFrameworks/FindMyDevice.framework/Versions/A/FindMyDevice
0x0000000005471000 	/System/Library/Frameworks/LDAP.framework/Versions/A/LDAP
0x0000000005471000 	/usr/lib/libsasl2.2.dylib
0x0000000005471000 	/System/Library/PrivateFrameworks/CoreDaemon.framework/Versions/B/CoreDaemon
0x0000000005471000 	/usr/lib/libcrypto.0.9.8.dylib
0x0000000005471000 	/System/Library/PrivateFrameworks/AppleSRP.framework/Versions/A/AppleSRP
0x0000000005471000 	/System/Library/PrivateFrameworks/TrustEvaluationAgent.framework/Versions/A/TrustEvaluationAgent
0x000000011e19e000 	/Library/Java/JavaVirtualMachines/jdk1.8.0_40.jdk/Contents/Home/jre/lib/libglass.dylib
0x0000000005471000 	/System/Library/PrivateFrameworks/CoreServicesInternal.framework/Versions/A/CoreServicesInternal
0x0000000005471000 	/System/Library/PrivateFrameworks/CloudDocs.framework/Versions/A/CloudDocs
0x0000000005471000 	/System/Library/PrivateFrameworks/CoreDuet.framework/Versions/A/CoreDuet
0x0000000005471000 	/System/Library/Frameworks/CloudKit.framework/Versions/A/CloudKit
0x0000000005471000 	/System/Library/PrivateFrameworks/ProtocolBuffer.framework/Versions/A/ProtocolBuffer
0x0000000005471000 	/System/Library/PrivateFrameworks/CoreDuetDaemonProtocol.framework/Versions/A/CoreDuetDaemonProtocol
0x0000000005471000 	/System/Library/PrivateFrameworks/CoreDuetDebugLogging.framework/Versions/A/CoreDuetDebugLogging
0x0000000005471000 	/System/Library/PrivateFrameworks/MMCS.framework/Versions/A/MMCS
0x0000000005471000 	/System/Library/Frameworks/CoreLocation.framework/Versions/A/CoreLocation
0x0000000005471000 	/System/Library/PrivateFrameworks/GeoServices.framework/Versions/A/GeoServices
0x0000000005471000 	/System/Library/Frameworks/CoreGraphics.framework/Versions/A/Resources/libCGCMS.A.dylib
0x0000000005471000 	/System/Library/CoreServices/RawCamera.bundle/Contents/MacOS/RawCamera
0x0000000005471000 	/System/Library/Frameworks/CoreGraphics.framework/Versions/A/Resources/libRIP.A.dylib
0x0000000005471000 	/System/Library/PrivateFrameworks/FamilyControls.framework/Versions/A/FamilyControls
0x0000000005471000 	/System/Library/PrivateFrameworks/CommerceKit.framework/Versions/A/Frameworks/CommerceCore.framework/Versions/A/CommerceCore
0x0000000005471000 	/System/Library/PrivateFrameworks/SystemAdministration.framework/Versions/A/SystemAdministration
0x0000000005471000 	/System/Library/PrivateFrameworks/AppContainer.framework/Versions/A/AppContainer
0x0000000005471000 	/System/Library/PrivateFrameworks/SecCodeWrapper.framework/Versions/A/SecCodeWrapper
0x0000000005471000 	/System/Library/Frameworks/DirectoryService.framework/Versions/A/DirectoryService
0x0000000005471000 	/System/Library/PrivateFrameworks/LoginUIKit.framework/Versions/A/Frameworks/LoginUICore.framework/Versions/A/LoginUICore
0x0000000005471000 	/usr/lib/libodfde.dylib

VM Arguments:
jvm_args: -Dfile.encoding=UTF-8 
java_command: sample.Main
java_class_path (initial): /Users/Farrah/Desktop/Plookify-5/lib/Apache_Commons_-_Lang3/commons-lang3-3.3.2.jar:/Users/Farrah/Desktop/Plookify-5/lib/sqlite-jdbc-3.8.11.2 (1).jar:/Users/Farrah/Desktop/Plookify-5/lib/eclipselink/eclipselink.jar:/Users/Farrah/Desktop/Plookify-5/lib/eclipselink/javax.persistence_2.1.0.v201304241213.jar:/Users/Farrah/Desktop/Plookify-5/lib/eclipselink/org.eclipse.persistence.jpa.jpql_2.5.2.v20140319-9ad6abd.jar:/Users/Farrah/Downloads/aws-java-sdk-1.4.7.jar:/Users/Farrah/Desktop/Plookify-5/build/classes
Launcher Type: SUN_STANDARD

Environment Variables:
PATH=/usr/bin:/bin:/usr/sbin:/sbin
LD_LIBRARY_PATH=/Library/Java/JavaVirtualMachines/jdk1.8.0_40.jdk/Contents/Home/jre/lib/amd64:/Library/Java/JavaVirtualMachines/jdk1.8.0_40.jdk/Contents/Home/jre/lib/i386:
SHELL=/bin/bash
DYLD_LIBRARY_PATH=/Applications/NetBeans/NetBeans 8.1.app/Contents/Resources/NetBeans/webcommon/bin:

Signal Handlers:
SIGSEGV: [libjvm.dylib+0x58ef95], sa_mask[0]=11111111011111110111111111111111, sa_flags=SA_ONSTACK|SA_RESTART|SA_SIGINFO
SIGBUS: [libjvm.dylib+0x58ef95], sa_mask[0]=11111111011111110111111111111111, sa_flags=SA_RESTART|SA_SIGINFO
SIGFPE: [libjvm.dylib+0x46c118], sa_mask[0]=11111111011111110111111111111111, sa_flags=SA_RESTART|SA_SIGINFO
SIGPIPE: [libjvm.dylib+0x46c118], sa_mask[0]=11111111011111110111111111111111, sa_flags=SA_RESTART|SA_SIGINFO
SIGXFSZ: [libjvm.dylib+0x46c118], sa_mask[0]=11111111011111110111111111111111, sa_flags=SA_RESTART|SA_SIGINFO
SIGILL: [libjvm.dylib+0x46c118], sa_mask[0]=11111111011111110111111111111111, sa_flags=SA_RESTART|SA_SIGINFO
SIGUSR1: SIG_DFL, sa_mask[0]=00000000000000000000000000000000, sa_flags=none
SIGUSR2: [libjvm.dylib+0x46bc36], sa_mask[0]=00100000000000000000000000000000, sa_flags=SA_RESTART|SA_SIGINFO
SIGHUP: [libjvm.dylib+0x46a209], sa_mask[0]=11111111011111110111111111111111, sa_flags=SA_RESTART|SA_SIGINFO
SIGINT: SIG_IGN, sa_mask[0]=00000000000000000000000000000000, sa_flags=none
SIGTERM: [libjvm.dylib+0x46a209], sa_mask[0]=11111111011111110111111111111111, sa_flags=SA_RESTART|SA_SIGINFO
SIGQUIT: [libjvm.dylib+0x46a209], sa_mask[0]=11111111011111110111111111111111, sa_flags=SA_RESTART|SA_SIGINFO


---------------  S Y S T E M  ---------------

OS:Bsduname:Darwin 14.5.0 Darwin Kernel Version 14.5.0: Tue Sep  1 21:23:09 PDT 2015; root:xnu-2782.50.1~1/RELEASE_X86_64 x86_64
rlimit: STACK 8192k, CORE 0k, NPROC 709, NOFILE 10240, AS infinity
load average:2.00 1.70 1.65

CPU:total 4 (2 cores per cpu, 2 threads per core) family 6 model 69 stepping 1, cmov, cx8, fxsr, mmx, sse, sse2, sse3, ssse3, sse4.1, sse4.2, popcnt, avx, avx2, aes, clmul, erms, lzcnt, ht, tsc, tscinvbit, bmi1, bmi2

Memory: 4k page, physical 4194304k(16244k free)

/proc/meminfo:


vm_info: Java HotSpot(TM) 64-Bit Server VM (25.40-b25) for bsd-amd64 JRE (1.8.0_40-b25), built on Feb 10 2015 21:07:25 by "java_re" with gcc 4.2.1 (Based on Apple Inc. build 5658) (LLVM build 2336.11.00)

time: Thu Mar 24 14:40:39 2016
elapsed time: 1 seconds (0d 0h 0m 1s)

