#
# A fatal error has been detected by the Java Runtime Environment:
#
#  EXCEPTION_ACCESS_VIOLATION (0xc0000005) at pc=0x0000000064d538d2, pid=7792, tid=5348
#
# JRE version: Java(TM) SE Runtime Environment (8.0_66-b18) (build 1.8.0_66-b18)
# Java VM: Java HotSpot(TM) 64-Bit Server VM (25.66-b18 mixed mode windows-amd64 compressed oops)
# Problematic frame:
# V  [jvm.dll+0x1438d2]
#
# Failed to write core dump. Minidumps are not enabled by default on client versions of Windows
#
# If you would like to submit a bug report, please visit:
#   http://bugreport.java.com/bugreport/crash.jsp
#

---------------  T H R E A D  ---------------

Current thread (0x0000000013f84800):  JavaThread "JavaFX Application Thread" [_thread_in_vm, id=5348, stack(0x0000000014840000,0x0000000014940000)]

siginfo: ExceptionCode=0xc0000005, reading address 0x0000000000000000

Registers:
RAX=0x0000000000000000, RBX=0x0000000013f84800, RCX=0x0000000013f849f8, RDX=0x0000000000000000
RSP=0x000000001493b510, RBP=0x0000000000000000, RSI=0x0000000000000000, RDI=0x0000000000000000
R8 =0x0000000000000000, R9 =0x0000000708d9caf0, R10=0x000000000000002e, R11=0x0000000000000028
R12=0x000000000031d878, R13=0x0000000012d9f438, R14=0x000000001493b6a8, R15=0x0000000013f84800
RIP=0x0000000064d538d2, EFLAGS=0x0000000000010202

Top of Stack: (sp=0x000000001493b510)
0x000000001493b510:   000000001493b550 0000000000000000
0x000000001493b520:   0000000000000000 0000000064cc6920
0x000000001493b530:   0000000013f84800 0000000000000000
0x000000001493b540:   000000001493b708 000000001493b6a0
0x000000001493b550:   000000001493b6a0 000000000296129f
0x000000001493b560:   00000000029456d0 0000000000000000
0x000000001493b570:   000000001493b708 0000000013f849f8
0x000000001493b580:   0000000000000000 000000006d58204d
0x000000001493b590:   000000001493b6a8 0000000002947ced
0x000000001493b5a0:   0000000012d99f90 0000000013f849f8
0x000000001493b5b0:   0000000000000005 000000000000002c
0x000000001493b5c0:   0000000000000007 0000000000000000
0x000000001493b5d0:   0000000012d9f440 0000000050200021
0x000000001493b5e0:   0000000002947ced 000000001493b680
0x000000001493b5f0:   0000000000000000 00000000029568b3
0x000000001493b600:   0000000500000004 000000001951a028 

Instructions: (pc=0x0000000064d538d2)
0x0000000064d538b2:   89 5c 24 20 48 89 74 24 28 48 39 73 08 74 0a 48
0x0000000064d538c2:   8d 4c 24 20 e8 f5 5a 13 00 40 38 35 9e c9 6b 00
0x0000000064d538d2:   48 8b 3f 48 63 05 a0 43 6a 00 74 1b 8b 0c 38 85
0x0000000064d538e2:   c9 74 7c 8b c1 8b 0d 93 1e 65 00 48 d3 e0 48 03 


Register to memory mapping:

RAX=0x0000000000000000 is an unknown value
RBX=0x0000000013f84800 is a thread
RCX=0x0000000013f849f8 is an unknown value
RDX=0x0000000000000000 is an unknown value
RSP=0x000000001493b510 is pointing into the stack for thread: 0x0000000013f84800
RBP=0x0000000000000000 is an unknown value
RSI=0x0000000000000000 is an unknown value
RDI=0x0000000000000000 is an unknown value
R8 =0x0000000000000000 is an unknown value
R9 =
[error occurred during error reporting (printing register info), id 0xc0000005]

Stack: [0x0000000014840000,0x0000000014940000],  sp=0x000000001493b510,  free space=1005k
Native frames: (J=compiled Java code, j=interpreted, Vv=VM code, C=native code)

Java frames: (J=compiled Java code, j=interpreted, Vv=VM code)
j  org.sqlite.core.NativeDB.prepare(Ljava/lang/String;)J+0
j  org.sqlite.core.DB.prepare(Lorg/sqlite/core/CoreStatement;)V+21
j  org.sqlite.core.CorePreparedStatement.<init>(Lorg/sqlite/SQLiteConnection;Ljava/lang/String;)V+15
j  org.sqlite.jdbc3.JDBC3PreparedStatement.<init>(Lorg/sqlite/SQLiteConnection;Ljava/lang/String;)V+3
j  org.sqlite.jdbc4.JDBC4PreparedStatement.<init>(Lorg/sqlite/SQLiteConnection;Ljava/lang/String;)V+3
j  org.sqlite.jdbc4.JDBC4Connection.prepareStatement(Ljava/lang/String;III)Ljava/sql/PreparedStatement;+21
j  org.sqlite.jdbc3.JDBC3Connection.prepareStatement(Ljava/lang/String;II)Ljava/sql/PreparedStatement;+5
j  org.sqlite.jdbc3.JDBC3Connection.prepareStatement(Ljava/lang/String;)Ljava/sql/PreparedStatement;+8
j  sample.RadioFXMLController.SearchArtCreate()V+65
j  sample.RadioFXMLController.saveRadio(Ljavafx/event/ActionEvent;)V+1
v  ~StubRoutines::call_stub
j  sun.reflect.NativeMethodAccessorImpl.invoke0(Ljava/lang/reflect/Method;Ljava/lang/Object;[Ljava/lang/Object;)Ljava/lang/Object;+0
j  sun.reflect.NativeMethodAccessorImpl.invoke(Ljava/lang/Object;[Ljava/lang/Object;)Ljava/lang/Object;+100
J 916 C1 sun.reflect.DelegatingMethodAccessorImpl.invoke(Ljava/lang/Object;[Ljava/lang/Object;)Ljava/lang/Object; (10 bytes) @ 0x0000000002c98d47 [0x0000000002c98c40+0x107]
J 915 C1 java.lang.reflect.Method.invoke(Ljava/lang/Object;[Ljava/lang/Object;)Ljava/lang/Object; (62 bytes) @ 0x0000000002c9879c [0x0000000002c983c0+0x3dc]
j  sun.reflect.misc.Trampoline.invoke(Ljava/lang/reflect/Method;Ljava/lang/Object;[Ljava/lang/Object;)Ljava/lang/Object;+7
j  sun.reflect.GeneratedMethodAccessor1.invoke(Ljava/lang/Object;[Ljava/lang/Object;)Ljava/lang/Object;+40
J 916 C1 sun.reflect.DelegatingMethodAccessorImpl.invoke(Ljava/lang/Object;[Ljava/lang/Object;)Ljava/lang/Object; (10 bytes) @ 0x0000000002c98d47 [0x0000000002c98c40+0x107]
J 915 C1 java.lang.reflect.Method.invoke(Ljava/lang/Object;[Ljava/lang/Object;)Ljava/lang/Object; (62 bytes) @ 0x0000000002c9879c [0x0000000002c983c0+0x3dc]
j  sun.reflect.misc.MethodUtil.invoke(Ljava/lang/reflect/Method;Ljava/lang/Object;[Ljava/lang/Object;)Ljava/lang/Object;+20
j  javafx.fxml.FXMLLoader$MethodHandler.invoke([Ljava/lang/Object;)V+19
j  javafx.fxml.FXMLLoader$ControllerMethodEventHandler.handle(Ljavafx/event/Event;)V+12
j  com.sun.javafx.event.CompositeEventHandler.dispatchBubblingEvent(Ljavafx/event/Event;)V+51
J 1670 C1 com.sun.javafx.event.EventHandlerManager.dispatchBubblingEvent(Ljavafx/event/Event;)Ljavafx/event/Event; (23 bytes) @ 0x0000000002e6f863 [0x0000000002e6f1e0+0x683]
J 1669 C1 com.sun.javafx.event.CompositeEventDispatcher.dispatchBubblingEvent(Ljavafx/event/Event;)Ljavafx/event/Event; (35 bytes) @ 0x0000000002e6eb5a [0x0000000002e6e9a0+0x1ba]
J 1640 C1 com.sun.javafx.event.BasicEventDispatcher.dispatchEvent(Ljavafx/event/Event;Ljavafx/event/EventDispatchChain;)Ljavafx/event/Event; (44 bytes) @ 0x0000000002e62be9 [0x0000000002e628c0+0x329]
J 1469 C1 com.sun.javafx.event.EventDispatchChainImpl.dispatchEvent(Ljavafx/event/Event;)Ljavafx/event/Event; (101 bytes) @ 0x0000000002df663b [0x0000000002df6480+0x1bb]
J 1640 C1 com.sun.javafx.event.BasicEventDispatcher.dispatchEvent(Ljavafx/event/Event;Ljavafx/event/EventDispatchChain;)Ljavafx/event/Event; (44 bytes) @ 0x0000000002e62b07 [0x0000000002e628c0+0x247]
J 1469 C1 com.sun.javafx.event.EventDispatchChainImpl.dispatchEvent(Ljavafx/event/Event;)Ljavafx/event/Event; (101 bytes) @ 0x0000000002df663b [0x0000000002df6480+0x1bb]
J 1640 C1 com.sun.javafx.event.BasicEventDispatcher.dispatchEvent(Ljavafx/event/Event;Ljavafx/event/EventDispatchChain;)Ljavafx/event/Event; (44 bytes) @ 0x0000000002e62b07 [0x0000000002e628c0+0x247]
J 1469 C1 com.sun.javafx.event.EventDispatchChainImpl.dispatchEvent(Ljavafx/event/Event;)Ljavafx/event/Event; (101 bytes) @ 0x0000000002df663b [0x0000000002df6480+0x1bb]
J 1980 C1 com.sun.javafx.event.EventUtil.fireEventImpl(Ljavafx/event/EventDispatchChain;Ljavafx/event/EventTarget;Ljavafx/event/Event;)Ljavafx/event/Event; (16 bytes) @ 0x0000000002f26954 [0x0000000002f26800+0x154]
j  com.sun.javafx.event.EventUtil.fireEvent(Ljavafx/event/EventTarget;Ljavafx/event/Event;)Ljavafx/event/Event;+37
J 1979 C1 javafx.event.Event.fireEvent(Ljavafx/event/EventTarget;Ljavafx/event/Event;)V (35 bytes) @ 0x0000000002f262e9 [0x0000000002f26220+0xc9]
j  javafx.scene.Node.fireEvent(Ljavafx/event/Event;)V+86
j  javafx.scene.control.Button.fire()V+15
j  com.sun.javafx.scene.control.behavior.ButtonBehavior.mouseReleased(Ljavafx/scene/input/MouseEvent;)V+23
j  com.sun.javafx.scene.control.skin.BehaviorSkinBase$1.handle(Ljavafx/scene/input/MouseEvent;)V+83
j  com.sun.javafx.scene.control.skin.BehaviorSkinBase$1.handle(Ljavafx/event/Event;)V+5
j  com.sun.javafx.event.CompositeEventHandler$NormalEventHandlerRecord.handleBubblingEvent(Ljavafx/event/Event;)V+5
j  com.sun.javafx.event.CompositeEventHandler.dispatchBubblingEvent(Ljavafx/event/Event;)V+28
J 1670 C1 com.sun.javafx.event.EventHandlerManager.dispatchBubblingEvent(Ljavafx/event/Event;)Ljavafx/event/Event; (23 bytes) @ 0x0000000002e6f863 [0x0000000002e6f1e0+0x683]
J 1669 C1 com.sun.javafx.event.CompositeEventDispatcher.dispatchBubblingEvent(Ljavafx/event/Event;)Ljavafx/event/Event; (35 bytes) @ 0x0000000002e6eb5a [0x0000000002e6e9a0+0x1ba]
J 1640 C1 com.sun.javafx.event.BasicEventDispatcher.dispatchEvent(Ljavafx/event/Event;Ljavafx/event/EventDispatchChain;)Ljavafx/event/Event; (44 bytes) @ 0x0000000002e62be9 [0x0000000002e628c0+0x329]
J 1469 C1 com.sun.javafx.event.EventDispatchChainImpl.dispatchEvent(Ljavafx/event/Event;)Ljavafx/event/Event; (101 bytes) @ 0x0000000002df663b [0x0000000002df6480+0x1bb]
J 1640 C1 com.sun.javafx.event.BasicEventDispatcher.dispatchEvent(Ljavafx/event/Event;Ljavafx/event/EventDispatchChain;)Ljavafx/event/Event; (44 bytes) @ 0x0000000002e62b07 [0x0000000002e628c0+0x247]
J 1469 C1 com.sun.javafx.event.EventDispatchChainImpl.dispatchEvent(Ljavafx/event/Event;)Ljavafx/event/Event; (101 bytes) @ 0x0000000002df663b [0x0000000002df6480+0x1bb]
J 1640 C1 com.sun.javafx.event.BasicEventDispatcher.dispatchEvent(Ljavafx/event/Event;Ljavafx/event/EventDispatchChain;)Ljavafx/event/Event; (44 bytes) @ 0x0000000002e62b07 [0x0000000002e628c0+0x247]
J 1469 C1 com.sun.javafx.event.EventDispatchChainImpl.dispatchEvent(Ljavafx/event/Event;)Ljavafx/event/Event; (101 bytes) @ 0x0000000002df663b [0x0000000002df6480+0x1bb]
J 1980 C1 com.sun.javafx.event.EventUtil.fireEventImpl(Ljavafx/event/EventDispatchChain;Ljavafx/event/EventTarget;Ljavafx/event/Event;)Ljavafx/event/Event; (16 bytes) @ 0x0000000002f26954 [0x0000000002f26800+0x154]
j  com.sun.javafx.event.EventUtil.fireEvent(Ljavafx/event/EventTarget;Ljavafx/event/Event;)Ljavafx/event/Event;+46
J 1979 C1 javafx.event.Event.fireEvent(Ljavafx/event/EventTarget;Ljavafx/event/Event;)V (35 bytes) @ 0x0000000002f262e9 [0x0000000002f26220+0xc9]
j  javafx.scene.Scene$MouseHandler.process(Ljavafx/scene/input/MouseEvent;Z)V+491
J 2044 C1 javafx.scene.Scene$MouseHandler.access$1500(Ljavafx/scene/Scene$MouseHandler;Ljavafx/scene/input/MouseEvent;Z)V (7 bytes) @ 0x0000000002f5875b [0x0000000002f58700+0x5b]
j  javafx.scene.Scene.impl_processMouseEvent(Ljavafx/scene/input/MouseEvent;)V+6
j  javafx.scene.Scene$ScenePeerListener.mouseEvent(Ljavafx/event/EventType;DDDDLjavafx/scene/input/MouseButton;ZZZZZZZZZ)V+46
j  com.sun.javafx.tk.quantum.GlassViewEventHandler$MouseEventNotification.run()Ljava/lang/Void;+476
j  com.sun.javafx.tk.quantum.GlassViewEventHandler$MouseEventNotification.run()Ljava/lang/Object;+1
v  ~StubRoutines::call_stub
J 1647  java.security.AccessController.doPrivileged(Ljava/security/PrivilegedAction;Ljava/security/AccessControlContext;)Ljava/lang/Object; (0 bytes) @ 0x0000000002e66266 [0x0000000002e66200+0x66]
j  com.sun.javafx.tk.quantum.GlassViewEventHandler.lambda$handleMouseEvent$354()Ljava/lang/Void;+11
j  com.sun.javafx.tk.quantum.GlassViewEventHandler$$Lambda$147.get()Ljava/lang/Object;+4
J 2014 C1 com.sun.javafx.tk.quantum.QuantumToolkit.runWithoutRenderLock(Ljava/util/function/Supplier;)Ljava/lang/Object; (49 bytes) @ 0x0000000002f43edb [0x0000000002f439a0+0x53b]
j  com.sun.javafx.tk.quantum.GlassViewEventHandler.handleMouseEvent(Lcom/sun/glass/ui/View;JIIIIIIIZZ)V+103
j  com.sun.glass.ui.View.handleMouseEvent(JIIIIIIIZZ)V+30
j  com.sun.glass.ui.View.notifyMouse(IIIIIIIZZ)V+181
v  ~StubRoutines::call_stub
j  com.sun.glass.ui.win.WinApplication._runLoop(Ljava/lang/Runnable;)V+0
j  com.sun.glass.ui.win.WinApplication.lambda$null$148(ILjava/lang/Runnable;)V+8
j  com.sun.glass.ui.win.WinApplication$$Lambda$40.run()V+12
j  java.lang.Thread.run()V+11
v  ~StubRoutines::call_stub

---------------  P R O C E S S  ---------------

Java Threads: ( => current thread )
  0x0000000016468000 JavaThread "Prism Font Disposer" daemon [_thread_blocked, id=3044, stack(0x0000000018510000,0x0000000018610000)]
  0x0000000013fc0800 JavaThread "Thread-3" daemon [_thread_in_native, id=7392, stack(0x0000000016060000,0x0000000016160000)]
=>0x0000000013f84800 JavaThread "JavaFX Application Thread" [_thread_in_vm, id=5348, stack(0x0000000014840000,0x0000000014940000)]
  0x0000000013f77800 JavaThread "Thread-2" daemon [_thread_blocked, id=7780, stack(0x0000000014990000,0x0000000014a90000)]
  0x0000000013f6b000 JavaThread "QuantumRenderer-0" daemon [_thread_blocked, id=5604, stack(0x00000000146b0000,0x00000000147b0000)]
  0x0000000013f24000 JavaThread "JavaFX-Launcher" [_thread_blocked, id=4004, stack(0x0000000014500000,0x0000000014600000)]
  0x0000000013c89800 JavaThread "Monitor Ctrl-Break" daemon [_thread_in_native, id=6092, stack(0x0000000014280000,0x0000000014380000)]
  0x0000000013026800 JavaThread "Service Thread" daemon [_thread_blocked, id=6636, stack(0x0000000013520000,0x0000000013620000)]
  0x0000000013022800 JavaThread "C1 CompilerThread1" daemon [_thread_blocked, id=5616, stack(0x0000000013a50000,0x0000000013b50000)]
  0x0000000012fc8800 JavaThread "C2 CompilerThread0" daemon [_thread_blocked, id=8032, stack(0x0000000013940000,0x0000000013a40000)]
  0x0000000012fc7800 JavaThread "Attach Listener" daemon [_thread_blocked, id=2044, stack(0x0000000013790000,0x0000000013890000)]
  0x0000000012fc4000 JavaThread "Signal Dispatcher" daemon [_thread_blocked, id=8180, stack(0x0000000013620000,0x0000000013720000)]
  0x00000000023e9000 JavaThread "Finalizer" daemon [_thread_blocked, id=2116, stack(0x0000000013370000,0x0000000013470000)]
  0x00000000023e7800 JavaThread "Reference Handler" daemon [_thread_blocked, id=3400, stack(0x0000000002410000,0x0000000002510000)]
  0x00000000022ee800 JavaThread "main" [_thread_blocked, id=6468, stack(0x0000000002570000,0x0000000002670000)]

Other Threads:
  0x00000000023e1000 VMThread [stack: 0x0000000013150000,0x0000000013250000] [id=3144]
  0x000000001302c800 WatcherThread [stack: 0x0000000013b50000,0x0000000013c50000] [id=3536]

VM state:not at safepoint (normal execution)

VM Mutex/Monitor currently owned by a thread: None

Heap:
 def new generation   total 56512K, used 8450K [0x0000000708c00000, 0x000000070c950000, 0x0000000745d50000)
  eden space 50240K,   4% used [0x0000000708c00000, 0x0000000708e208b0, 0x000000070bd10000)
  from space 6272K, 100% used [0x000000070c330000, 0x000000070c950000, 0x000000070c950000)
  to   space 6272K,   0% used [0x000000070bd10000, 0x000000070bd10000, 0x000000070c330000)
 tenured generation   total 125632K, used 2217K [0x0000000745d50000, 0x000000074d800000, 0x00000007c0000000)
   the space 125632K,   1% used [0x0000000745d50000, 0x0000000745f7a758, 0x0000000745f7a800, 0x000000074d800000)
 Metaspace       used 17979K, capacity 18698K, committed 18816K, reserved 1064960K
  class space    used 2478K, capacity 2634K, committed 2688K, reserved 1048576K

Card table byte_map: [0x0000000011d00000,0x00000000122c0000] byte_map_base: 0x000000000e4ba000

Polling page: 0x0000000000140000

CodeCache: size=245760Kb used=6595Kb max_used=6595Kb free=239164Kb
 bounds [0x0000000002940000, 0x0000000002fc0000, 0x0000000011940000]
 total_blobs=2813 nmethods=2161 adapters=564
 compilation: enabled

Compilation events (10 events):
Event: 12.748 Thread 0x0000000012fc8800 2157 %     4       org.sqlite.SQLiteJDBCLoader::contentsEquals @ 37 (78 bytes)
Event: 12.754 Thread 0x0000000012fc8800 nmethod 2157% 0x0000000002fa3a90 code [0x0000000002fa3c00, 0x0000000002fa4638]
Event: 12.755 Thread 0x0000000013022800 2158   !   3       java.util.zip.InflaterInputStream::read (138 bytes)
Event: 12.767 Thread 0x0000000013022800 nmethod 2158 0x0000000002fa1ed0 code [0x0000000002fa2140, 0x0000000002fa31f8]
Event: 12.767 Thread 0x0000000013022800 2160       3       java.io.BufferedInputStream::getInIfOpen (21 bytes)
Event: 12.767 Thread 0x0000000013022800 nmethod 2160 0x0000000002f9a490 code [0x0000000002f9a600, 0x0000000002f9a840]
Event: 12.767 Thread 0x0000000013022800 2159       3       java.io.FilterInputStream::read (11 bytes)
Event: 12.767 Thread 0x0000000013022800 nmethod 2159 0x0000000002fa1a50 code [0x0000000002fa1bc0, 0x0000000002fa1de0]
Event: 12.776 Thread 0x0000000013022800 2161       3       java.net.URLStreamHandler::parseURL (1158 bytes)
Event: 12.782 Thread 0x0000000013022800 nmethod 2161 0x0000000002fa4990 code [0x0000000002fa54a0, 0x0000000002faec20]

GC Heap History (2 events):
Event: 12.382 GC heap before
{Heap before GC invocations=0 (full 0):
 def new generation   total 56512K, used 50240K [0x0000000708c00000, 0x000000070c950000, 0x0000000745d50000)
  eden space 50240K, 100% used [0x0000000708c00000, 0x000000070bd10000, 0x000000070bd10000)
  from space 6272K,   0% used [0x000000070bd10000, 0x000000070bd10000, 0x000000070c330000)
  to   space 6272K,   0% used [0x000000070c330000, 0x000000070c330000, 0x000000070c950000)
 tenured generation   total 125632K, used 0K [0x0000000745d50000, 0x000000074d800000, 0x00000007c0000000)
   the space 125632K,   0% used [0x0000000745d50000, 0x0000000745d50000, 0x0000000745d50200, 0x000000074d800000)
 Metaspace       used 17203K, capacity 17930K, committed 18048K, reserved 1064960K
  class space    used 2393K, capacity 2570K, committed 2688K, reserved 1048576K
Event: 12.400 GC heap after
Heap after GC invocations=1 (full 0):
 def new generation   total 56512K, used 6272K [0x0000000708c00000, 0x000000070c950000, 0x0000000745d50000)
  eden space 50240K,   0% used [0x0000000708c00000, 0x0000000708c00000, 0x000000070bd10000)
  from space 6272K, 100% used [0x000000070c330000, 0x000000070c950000, 0x000000070c950000)
  to   space 6272K,   0% used [0x000000070bd10000, 0x000000070bd10000, 0x000000070c330000)
 tenured generation   total 125632K, used 2217K [0x0000000745d50000, 0x000000074d800000, 0x00000007c0000000)
   the space 125632K,   1% used [0x0000000745d50000, 0x0000000745f7a758, 0x0000000745f7a800, 0x000000074d800000)
 Metaspace       used 17203K, capacity 17930K, committed 18048K, reserved 1064960K
  class space    used 2393K, capacity 2570K, committed 2688K, reserved 1048576K
}

Deoptimization events (10 events):
Event: 1.419 Thread 0x0000000013f84800 Uncommon trap: reason=bimorphic action=maybe_recompile pc=0x0000000002ccf348 method=java.util.Collections$UnmodifiableList.get(I)Ljava/lang/Object; @ 5
Event: 1.419 Thread 0x0000000013f84800 Uncommon trap: reason=bimorphic action=maybe_recompile pc=0x0000000002ccf348 method=java.util.Collections$UnmodifiableList.get(I)Ljava/lang/Object; @ 5
Event: 1.463 Thread 0x0000000013f84800 Uncommon trap: reason=unstable_if action=reinterpret pc=0x0000000002ce337c method=java.lang.String.regionMatches(ZILjava/lang/String;II)Z @ 123
Event: 1.480 Thread 0x0000000013f84800 Uncommon trap: reason=class_check action=maybe_recompile pc=0x0000000002a67c10 method=java.lang.String.equals(Ljava/lang/Object;)Z @ 8
Event: 1.611 Thread 0x0000000013f84800 Uncommon trap: reason=unstable_if action=reinterpret pc=0x0000000002c906c4 method=sun.net.www.ParseUtil.encodePath(Ljava/lang/String;Z)Ljava/lang/String; @ 109
Event: 2.758 Thread 0x0000000013f84800 Uncommon trap: reason=unstable_if action=reinterpret pc=0x0000000002d46738 method=jdk.internal.org.objectweb.asm.Type.getArgumentsAndReturnSizes(Ljava/lang/String;)I @ 47
Event: 12.328 Thread 0x0000000013f84800 Uncommon trap: reason=unstable_if action=reinterpret pc=0x0000000002c32b00 method=java.lang.AbstractStringBuilder.append(Ljava/lang/String;)Ljava/lang/AbstractStringBuilder; @ 1
Event: 12.407 Thread 0x0000000013f84800 Uncommon trap: reason=unstable_if action=reinterpret pc=0x0000000002c54de0 method=java.lang.String.indexOf([CII[CIII)I @ 3
Event: 12.677 Thread 0x0000000013f84800 Uncommon trap: reason=unstable_if action=reinterpret pc=0x0000000002d55a98 method=java.lang.ref.SoftReference.get()Ljava/lang/Object; @ 17
Event: 12.765 Thread 0x0000000013f84800 Uncommon trap: reason=unstable_if action=reinterpret pc=0x0000000002fa4334 method=org.sqlite.SQLiteJDBCLoader.contentsEquals(Ljava/io/InputStream;Ljava/io/InputStream;)Z @ 39

Internal exceptions (10 events):
Event: 0.293 Thread 0x0000000013f24000 Exception <a 'java/security/PrivilegedActionException'> (0x000000070911c830) thrown at [C:\re\workspace\8-2-build-windows-amd64-cygwin\jdk8u66\5298\hotspot\src\share\vm\prims\jvm.cpp, line 1386]
Event: 0.294 Thread 0x0000000013f24000 Exception <a 'java/lang/NullPointerException'> (0x000000070911ce08) thrown at [C:\re\workspace\8-2-build-windows-amd64-cygwin\jdk8u66\5298\hotspot\src\share\vm\interpreter\linkResolver.cpp, line 1178]
Event: 0.653 Thread 0x0000000013f84800 Exception <a 'java/lang/NullPointerException'> (0x0000000709b58cd0) thrown at [C:\re\workspace\8-2-build-windows-amd64-cygwin\jdk8u66\5298\hotspot\src\share\vm\interpreter\linkResolver.cpp, line 1178]
Event: 0.653 Thread 0x0000000013f84800 Exception <a 'java/lang/NullPointerException'> (0x0000000709b58cd0) thrown at [C:\re\workspace\8-2-build-windows-amd64-cygwin\jdk8u66\5298\hotspot\src\share\vm\prims\jvm.cpp, line 1390]
Event: 1.049 Thread 0x0000000013f84800 Exception <a 'java/lang/ArrayIndexOutOfBoundsException'> (0x000000070a576b30) thrown at [C:\re\workspace\8-2-build-windows-amd64-cygwin\jdk8u66\5298\hotspot\src\share\vm\runtime\sharedRuntime.cpp, line 605]
Event: 1.049 Thread 0x0000000013f84800 Exception <a 'java/lang/ArrayIndexOutOfBoundsException'> (0x000000070a577648) thrown at [C:\re\workspace\8-2-build-windows-amd64-cygwin\jdk8u66\5298\hotspot\src\share\vm\runtime\sharedRuntime.cpp, line 605]
Event: 1.050 Thread 0x0000000013f84800 Exception <a 'java/lang/ArrayIndexOutOfBoundsException'> (0x000000070a5789f0) thrown at [C:\re\workspace\8-2-build-windows-amd64-cygwin\jdk8u66\5298\hotspot\src\share\vm\runtime\sharedRuntime.cpp, line 605]
Event: 1.251 Thread 0x0000000013f84800 Implicit null exception at 0x0000000002bfd7b5 to 0x0000000002bfd9ad
Event: 1.251 Thread 0x0000000013f84800 Implicit null exception at 0x0000000002c679d8 to 0x0000000002c67a66
Event: 12.328 Thread 0x0000000013f84800 Implicit null exception at 0x0000000002c32796 to 0x0000000002c32ae9

Events (10 events):
Event: 12.785 loading class org/sqlite/jdbc4/JDBC4PreparedStatement
Event: 12.785 loading class org/sqlite/jdbc4/JDBC4PreparedStatement done
Event: 12.785 loading class java/sql/ParameterMetaData
Event: 12.814 loading class java/sql/ParameterMetaData done
Event: 12.814 loading class org/sqlite/jdbc3/JDBC3PreparedStatement
Event: 12.814 loading class org/sqlite/jdbc3/JDBC3PreparedStatement done
Event: 12.815 loading class org/sqlite/core/CorePreparedStatement
Event: 12.815 loading class org/sqlite/core/CorePreparedStatement done
Event: 12.815 loading class java/sql/Date
Event: 12.816 loading class java/sql/Date done


Dynamic libraries:
0x000000013f550000 - 0x000000013f587000 	C:\Program Files\Java\jdk1.8.0_66\bin\java.exe
0x0000000077160000 - 0x0000000077309000 	C:\Windows\SYSTEM32\ntdll.dll
0x0000000076f40000 - 0x0000000077060000 	C:\Windows\system32\kernel32.dll
0x000007fefd140000 - 0x000007fefd1ac000 	C:\Windows\system32\KERNELBASE.dll
0x000007feff260000 - 0x000007feff33b000 	C:\Windows\system32\ADVAPI32.dll
0x000007fefd4d0000 - 0x000007fefd56f000 	C:\Windows\system32\msvcrt.dll
0x000007feff1c0000 - 0x000007feff1df000 	C:\Windows\SYSTEM32\sechost.dll
0x000007fefd340000 - 0x000007fefd46d000 	C:\Windows\system32\RPCRT4.dll
0x0000000077060000 - 0x000000007715a000 	C:\Windows\system32\USER32.dll
0x000007fefd570000 - 0x000007fefd5d7000 	C:\Windows\system32\GDI32.dll
0x000007feff460000 - 0x000007feff46e000 	C:\Windows\system32\LPK.dll
0x000007feff0f0000 - 0x000007feff1ba000 	C:\Windows\system32\USP10.dll
0x000007fefb800000 - 0x000007fefb9f4000 	C:\Windows\WinSxS\amd64_microsoft.windows.common-controls_6595b64144ccf1df_6.0.7601.18837_none_fa3b1e3d17594757\COMCTL32.dll
0x000007fefd2c0000 - 0x000007fefd331000 	C:\Windows\system32\SHLWAPI.dll
0x000007feff0c0000 - 0x000007feff0ee000 	C:\Windows\system32\IMM32.DLL
0x000007fefd7c0000 - 0x000007fefd8c9000 	C:\Windows\system32\MSCTF.dll
0x000000006e2a0000 - 0x000000006e372000 	C:\Program Files\Java\jdk1.8.0_66\jre\bin\msvcr100.dll
0x0000000064c10000 - 0x0000000065499000 	C:\Program Files\Java\jdk1.8.0_66\jre\bin\server\jvm.dll
0x000007fef9d10000 - 0x000007fef9d19000 	C:\Windows\system32\WSOCK32.dll
0x000007feff370000 - 0x000007feff3bd000 	C:\Windows\system32\WS2_32.dll
0x000007feff360000 - 0x000007feff368000 	C:\Windows\system32\NSI.dll
0x000007fefa5e0000 - 0x000007fefa61b000 	C:\Windows\system32\WINMM.dll
0x000007fefbfa0000 - 0x000007fefbfac000 	C:\Windows\system32\VERSION.dll
0x0000000077330000 - 0x0000000077337000 	C:\Windows\system32\PSAPI.DLL
0x000000006f1c0000 - 0x000000006f1cf000 	C:\Program Files\Java\jdk1.8.0_66\jre\bin\verify.dll
0x000000006e4c0000 - 0x000000006e4e9000 	C:\Program Files\Java\jdk1.8.0_66\jre\bin\java.dll
0x000000006eaf0000 - 0x000000006eb06000 	C:\Program Files\Java\jdk1.8.0_66\jre\bin\zip.dll
0x000007fefda60000 - 0x000007fefe7e9000 	C:\Windows\system32\SHELL32.dll
0x000007fefeb60000 - 0x000007fefed63000 	C:\Windows\system32\ole32.dll
0x000007fefcf00000 - 0x000007fefcf0f000 	C:\Windows\system32\profapi.dll
0x000007fef0d10000 - 0x000007fef0d20000 	C:\Program Files (x86)\JetBrains\IntelliJ IDEA Community Edition 15.0.3\bin\breakgen64.dll
0x000000006e3f0000 - 0x000000006e40a000 	C:\Program Files\Java\jdk1.8.0_66\jre\bin\net.dll
0x000007fefc6e0000 - 0x000007fefc735000 	C:\Windows\system32\mswsock.dll
0x000007fefc6d0000 - 0x000007fefc6d7000 	C:\Windows\System32\wship6.dll
0x000007fee8c00000 - 0x000007fee8cef000 	C:\Program Files\Java\jdk1.8.0_66\jre\bin\msvcr120.dll
0x000007fee8b50000 - 0x000007fee8bf6000 	C:\Program Files\Java\jdk1.8.0_66\jre\bin\msvcp120.dll
0x000000006e250000 - 0x000000006e273000 	C:\Program Files\Java\jdk1.8.0_66\jre\bin\prism_d3d.dll
0x000007fef9790000 - 0x000007fef998f000 	C:\Windows\system32\d3d9.dll
0x000007fef9780000 - 0x000007fef9787000 	C:\Windows\system32\d3d8thk.dll
0x000007fefb1f0000 - 0x000007fefb208000 	C:\Windows\system32\dwmapi.dll
0x000007fefb620000 - 0x000007fefb676000 	C:\Windows\system32\uxtheme.dll
0x000007fee02d0000 - 0x000007fee0d31000 	C:\Windows\system32\igdumdim64.dll
0x000007fef8100000 - 0x000007fef855d000 	C:\Windows\system32\igdusc64.dll
0x000000006e200000 - 0x000000006e243000 	C:\Program Files\Java\jdk1.8.0_66\jre\bin\glass.dll
0x000007fefeac0000 - 0x000007fefeb57000 	C:\Windows\system32\COMDLG32.dll
0x000007fefed70000 - 0x000007fefee47000 	C:\Windows\system32\OLEAUT32.dll
0x000007fefcda0000 - 0x000007fefcdaf000 	C:\Windows\system32\CRYPTBASE.dll
0x000000006e1e0000 - 0x000000006e1f4000 	C:\Program Files\Java\jdk1.8.0_66\jre\bin\javafx_font.dll
0x000007feeb530000 - 0x000007feeb6c7000 	C:\Windows\system32\dwrite.dll
0x000007feff3c0000 - 0x000007feff459000 	C:\Windows\system32\CLBCatQ.DLL
0x000007fefb040000 - 0x000007fefb1a1000 	C:\Windows\system32\WindowsCodecs.dll
0x000007fefcd40000 - 0x000007fefcd97000 	C:\Windows\system32\apphelp.dll
0x000007fef8050000 - 0x000007fef808f000 	C:\Users\samie\AppData\Local\Microsoft\SkyDrive\17.0.4035.0328\amd64\SkyDriveShell64.dll
0x000007fef7fa0000 - 0x000007fef8047000 	C:\Users\samie\AppData\Local\Microsoft\SkyDrive\17.0.4035.0328\amd64\MSVCP110.dll
0x000007fef7ed0000 - 0x000007fef7f9e000 	C:\Users\samie\AppData\Local\Microsoft\SkyDrive\17.0.4035.0328\amd64\MSVCR110.dll
0x000007fefee50000 - 0x000007feff0b9000 	C:\Windows\system32\WININET.dll
0x000007fefd210000 - 0x000007fefd214000 	C:\Windows\system32\api-ms-win-downlevel-user32-l1-1-0.dll
0x000007fefcf60000 - 0x000007fefcf64000 	C:\Windows\system32\api-ms-win-downlevel-shlwapi-l1-1-0.dll
0x000007fefcf70000 - 0x000007fefcf74000 	C:\Windows\system32\api-ms-win-downlevel-version-l1-1-0.dll
0x000007fefd1b0000 - 0x000007fefd1b3000 	C:\Windows\system32\api-ms-win-downlevel-normaliz-l1-1-0.dll
0x0000000077320000 - 0x0000000077323000 	C:\Windows\system32\normaliz.DLL
0x000007fefe7f0000 - 0x000007fefeab8000 	C:\Windows\system32\iertutil.dll
0x000007fefcfc0000 - 0x000007fefcfc5000 	C:\Windows\system32\api-ms-win-downlevel-advapi32-l1-1-0.dll
0x000007fefcf40000 - 0x000007fefcf5e000 	C:\Windows\system32\USERENV.dll
0x000007fef7c90000 - 0x000007fef7ecf000 	C:\Program Files\Microsoft Office 15\root\Office15\GROOVEEX.DLL
0x00000000733f0000 - 0x0000000073488000 	C:\Program Files\Microsoft Office 15\root\Office15\MSVCP100.dll
0x00000000733c0000 - 0x00000000733eb000 	C:\Program Files\Microsoft Office 15\root\Office15\ATL100.DLL
0x000007fef99f0000 - 0x000007fef9d0e000 	C:\Windows\system32\msi.dll
0x000007fef60a0000 - 0x000007fef691d000 	C:\Program Files\Microsoft Office 15\root\Office15\1033\GrooveIntlResource.dll
0x000007fef7c50000 - 0x000007fef7c85000 	C:\Windows\system32\EhStorShell.dll
0x000007fefd5e0000 - 0x000007fefd7b7000 	C:\Windows\system32\SETUPAPI.dll
0x000007fefd1c0000 - 0x000007fefd1f6000 	C:\Windows\system32\CFGMGR32.dll
0x000007fefcf20000 - 0x000007fefcf3a000 	C:\Windows\system32\DEVOBJ.dll
0x000007fefb680000 - 0x000007fefb7ac000 	C:\Windows\system32\PROPSYS.dll
0x000007fef7bd0000 - 0x000007fef7c4e000 	C:\Windows\System32\cscui.dll
0x000007fef7bc0000 - 0x000007fef7bcc000 	C:\Windows\System32\CSCDLL.dll
0x000007fef7bb0000 - 0x000007fef7bbf000 	C:\Windows\system32\CSCAPI.dll
0x000007fef7b30000 - 0x000007fef7bb0000 	C:\Windows\system32\ntshrui.dll
0x000007fefcc40000 - 0x000007fefcc63000 	C:\Windows\system32\srvcli.dll
0x000007fefa130000 - 0x000007fefa13b000 	C:\Windows\system32\slc.dll
0x000007feec1c0000 - 0x000007feec1ed000 	C:\Program Files\Common Files\Microsoft Shared\Ink\rtscom.dll
0x000007fee8780000 - 0x000007fee8b44000 	C:\Windows\system32\d2d1.dll
0x000007fef8760000 - 0x000007fef8935000 	C:\Windows\system32\d3d11.dll
0x000007fef8940000 - 0x000007fef899d000 	C:\Windows\system32\dxgi.dll
0x000007fee4620000 - 0x000007fee4899000 	C:\Windows\system32\D3D10Warp.dll
0x000007fef8560000 - 0x000007fef8586000 	C:\Windows\system32\DXGIDebug.dll
0x000007fefcf80000 - 0x000007fefcfbb000 	C:\Windows\system32\WINTRUST.dll
0x000007fefcfd0000 - 0x000007fefd13d000 	C:\Windows\system32\CRYPT32.dll
0x000007fefcf10000 - 0x000007fefcf1f000 	C:\Windows\system32\MSASN1.dll
0x000000006e1c0000 - 0x000000006e1d1000 	C:\Program Files\Java\jdk1.8.0_66\jre\bin\prism_common.dll
0x000007fefc740000 - 0x000007fefc758000 	C:\Windows\system32\CRYPTSP.dll
0x000007fefc440000 - 0x000007fefc487000 	C:\Windows\system32\rsaenh.dll
0x000007fefa010000 - 0x000007fefa037000 	C:\Windows\system32\IPHLPAPI.DLL
0x000007fefa000000 - 0x000007fefa00b000 	C:\Windows\system32\WINNSI.DLL
0x000007fef9310000 - 0x000007fef9328000 	C:\Windows\system32\dhcpcsvc.DLL
0x000007fef9010000 - 0x000007fef9021000 	C:\Windows\system32\dhcpcsvc6.DLL
0x000000006e160000 - 0x000000006e171000 	C:\Program Files\Java\jdk1.8.0_66\jre\bin\nio.dll
0x000000006d580000 - 0x000000006d63d000 	C:\Users\samie\AppData\Local\Temp\sqlite-3.8.11.2-a4a53cca-c25e-4f5b-9164-ba5ec15e0d98-sqlitejdbc.dll
0x000007fef9d20000 - 0x000007fef9e45000 	C:\Windows\system32\dbghelp.dll

VM Arguments:
jvm_args: -Didea.launcher.port=7537 -Didea.launcher.bin.path=C:\Program Files (x86)\JetBrains\IntelliJ IDEA Community Edition 15.0.3\bin -Dfile.encoding=UTF-8 
java_command: com.intellij.rt.execution.application.AppMain sample.Main
java_class_path (initial): C:\Program Files\Java\jdk1.8.0_66\jre\lib\charsets.jar;C:\Program Files\Java\jdk1.8.0_66\jre\lib\deploy.jar;C:\Program Files\Java\jdk1.8.0_66\jre\lib\ext\access-bridge-64.jar;C:\Program Files\Java\jdk1.8.0_66\jre\lib\ext\cldrdata.jar;C:\Program Files\Java\jdk1.8.0_66\jre\lib\ext\dnsns.jar;C:\Program Files\Java\jdk1.8.0_66\jre\lib\ext\jaccess.jar;C:\Program Files\Java\jdk1.8.0_66\jre\lib\ext\jfxrt.jar;C:\Program Files\Java\jdk1.8.0_66\jre\lib\ext\localedata.jar;C:\Program Files\Java\jdk1.8.0_66\jre\lib\ext\nashorn.jar;C:\Program Files\Java\jdk1.8.0_66\jre\lib\ext\sunec.jar;C:\Program Files\Java\jdk1.8.0_66\jre\lib\ext\sunjce_provider.jar;C:\Program Files\Java\jdk1.8.0_66\jre\lib\ext\sunmscapi.jar;C:\Program Files\Java\jdk1.8.0_66\jre\lib\ext\sunpkcs11.jar;C:\Program Files\Java\jdk1.8.0_66\jre\lib\ext\zipfs.jar;C:\Program Files\Java\jdk1.8.0_66\jre\lib\javaws.jar;C:\Program Files\Java\jdk1.8.0_66\jre\lib\jce.jar;C:\Program Files\Java\jdk1.8.0_66\jre\lib\jfr.jar;C:\Program Files\Java\jdk1.8.0_66\jre\lib\jfxswt.jar;C:\Program Files\Java\jdk1.8.0_66\jre\lib\jsse.jar;C:\Program Files\Java\jdk1.8.0_66\jre\lib\management-agent.jar;C:\Program Files\Java\jdk1.8.0_66\jre\lib\plugin.jar;C:\Program Files\Java\jdk1.8.0_66\jre\lib\resources.jar;C:\Program Files\Java\jdk1.8.0_66\jre\lib\rt.jar;C:\Users\samie\workspace\IdeaProjects\TabRadio\out\production\TabRadio;C:\Users\samie\Documents\sqlite\sqlite-jdbc-3.8.11.2.jar;C:\Program Files (x86)\JetBrains\IntelliJ IDEA Community Edition 15.0.3\lib\idea_rt.jar
Launcher Type: SUN_STANDARD

Environment Variables:
JAVA_HOME=C:\Program Files\Java\jre1.8.0_71\bin
PATH=C:\ProgramData\Oracle\Java\javapath;C:\MinGW\bin;C:\MinGW\libexec\gcc\i686-pc-mingw32\5.1.0;C:\Program Files\Common Files\Microsoft Shared\Windows Live;C:\Program Files (x86)\Common Files\Microsoft Shared\Windows Live;C:\Program Files (x86)\AMD APP\bin\x86_64;C:\Program Files (x86)\AMD APP\bin\x86;%SystemRoot%\system32;%SystemRoot%;%SystemRoot%\System32\Wbem;%SYSTEMROOT%\System32\WindowsPowerShell\v1.0\;C:\Program Files\Microsoft SQL Server\110\Tools\Binn\;C:\Program Files (x86)\Microsoft SDKs\TypeScript\1.0\;C:\Program Files\Microsoft SQL Server\120\Tools\Binn\;C:\Program Files (x86)\Windows Live\Shared;C:\Program Files (x86)\Skype\Phone\;C:\Android;C:\Windows\System32;C:\RailsInstaller\Git\cmd;C:\RailsInstaller\Ruby2.1.0\bin;C:\Ruby22-x64\bin
USERNAME=samie
OS=Windows_NT
PROCESSOR_IDENTIFIER=Intel64 Family 6 Model 60 Stepping 3, GenuineIntel



---------------  S Y S T E M  ---------------

OS: Windows 7 , 64 bit Build 7601 (6.1.7601.19045)

CPU:total 1 (2 cores per cpu, 2 threads per core) family 6 model 60 stepping 3, cmov, cx8, fxsr, mmx, sse, sse2, sse3, ssse3, sse4.1, sse4.2, popcnt, avx, avx2, aes, clmul, erms, lzcnt, ht, tsc, tscinvbit, bmi1, bmi2

Memory: 4k page, physical 12002416k(8211988k free), swap 28777796k(24409164k free)

vm_info: Java HotSpot(TM) 64-Bit Server VM (25.66-b18) for windows-amd64 JRE (1.8.0_66-b18), built on Nov  9 2015 10:51:13 by "java_re" with MS VC++ 10.0 (VS2010)

time: Sun Mar 20 23:51:44 2016
elapsed time: 12 seconds (0d 0h 0m 12s)

